# JRE version: Java(TM) SE Runtime Environment (8.0_211-b12) (build 1.8.0_211-b12)
# Java VM: Java HotSpot(TM) 64-Bit Server VM (25.211-b12 mixed mode windows-amd64 compressed oops)
Heap:
 PSYoungGen      total 114688K, used 58575K [0x00000000f5580000, 0x00000000fe180000, 0x0000000100000000)
  eden space 110592K, 49% used [0x00000000f5580000,0x00000000f8ab41c0,0x00000000fc180000)
  from space 4096K, 99% used [0x00000000fc180000,0x00000000fc57fe20,0x00000000fc580000)
  to   space 4608K, 0% used [0x00000000fdd00000,0x00000000fdd00000,0x00000000fe180000)
 ParOldGen       total 30720K, used 10543K [0x00000000e0000000, 0x00000000e1e00000, 0x00000000f5580000)
  object space 30720K, 34% used [0x00000000e0000000,0x00000000e0a4be90,0x00000000e1e00000)
 Metaspace       used 39376K, capacity 41240K, committed 41384K, reserved 1085440K
  class space    used 5091K, capacity 5457K, committed 5544K, reserved 1048576K
GC Heap History (10 events):
Event: 14.447 GC heap before
{Heap before GC invocations=19 (full 1):
 PSYoungGen      total 67072K, used 65572K [0x00000000f5580000, 0x00000000faf80000, 0x0000000100000000)
  eden space 62976K, 100% used [0x00000000f5580000,0x00000000f9300000,0x00000000f9300000)
  from space 4096K, 63% used [0x00000000f9300000,0x00000000f95892e0,0x00000000f9700000)
  to   space 4608K, 0% used [0x00000000fab00000,0x00000000fab00000,0x00000000faf80000)
 ParOldGen       total 30720K, used 8845K [0x00000000e0000000, 0x00000000e1e00000, 0x00000000f5580000)
  object space 30720K, 28% used [0x00000000e0000000,0x00000000e08a3408,0x00000000e1e00000)
 Metaspace       used 30314K, capacity 31972K, committed 32128K, reserved 1077248K
  class space    used 3773K, capacity 4137K, committed 4224K, reserved 1048576K
Event: 14.509 GC heap after
Heap after GC invocations=19 (full 1):
 PSYoungGen      total 87552K, used 1849K [0x00000000f5580000, 0x00000000fb080000, 0x0000000100000000)
  eden space 82944K, 0% used [0x00000000f5580000,0x00000000f5580000,0x00000000fa680000)
  from space 4608K, 40% used [0x00000000fab00000,0x00000000facce758,0x00000000faf80000)
  to   space 4608K, 0% used [0x00000000fa680000,0x00000000fa680000,0x00000000fab00000)
 ParOldGen       total 30720K, used 9661K [0x00000000e0000000, 0x00000000e1e00000, 0x00000000f5580000)
  object space 30720K, 31% used [0x00000000e0000000,0x00000000e096f5b8,0x00000000e1e00000)
 Metaspace       used 30314K, capacity 31972K, committed 32128K, reserved 1077248K
  class space    used 3773K, capacity 4137K, committed 4224K, reserved 1048576K
}
Event: 15.323 GC heap before
{Heap before GC invocations=20 (full 1):
 PSYoungGen      total 87552K, used 84793K [0x00000000f5580000, 0x00000000fb080000, 0x0000000100000000)
  eden space 82944K, 100% used [0x00000000f5580000,0x00000000fa680000,0x00000000fa680000)
  from space 4608K, 40% used [0x00000000fab00000,0x00000000facce758,0x00000000faf80000)
  to   space 4608K, 0% used [0x00000000fa680000,0x00000000fa680000,0x00000000fab00000)
 ParOldGen       total 30720K, used 9661K [0x00000000e0000000, 0x00000000e1e00000, 0x00000000f5580000)
  object space 30720K, 31% used [0x00000000e0000000,0x00000000e096f5b8,0x00000000e1e00000)
 Metaspace       used 32573K, capacity 34302K, committed 34432K, reserved 1079296K
  class space    used 4012K, capacity 4370K, committed 4480K, reserved 1048576K
Event: 15.352 GC heap after
Heap after GC invocations=20 (full 1):
 PSYoungGen      total 87552K, used 2496K [0x00000000f5580000, 0x00000000fc980000, 0x0000000100000000)
  eden space 82944K, 0% used [0x00000000f5580000,0x00000000f5580000,0x00000000fa680000)
  from space 4608K, 54% used [0x00000000fa680000,0x00000000fa8f0040,0x00000000fab00000)
  to   space 4096K, 0% used [0x00000000fc580000,0x00000000fc580000,0x00000000fc980000)
 ParOldGen       total 30720K, used 9969K [0x00000000e0000000, 0x00000000e1e00000, 0x00000000f5580000)
  object space 30720K, 32% used [0x00000000e0000000,0x00000000e09bc5c8,0x00000000e1e00000)
 Metaspace       used 32573K, capacity 34302K, committed 34432K, reserved 1079296K
  class space    used 4012K, capacity 4370K, committed 4480K, reserved 1048576K
}
Event: 15.753 GC heap before
{Heap before GC invocations=21 (full 1):
 PSYoungGen      total 87552K, used 49725K [0x00000000f5580000, 0x00000000fc980000, 0x0000000100000000)
  eden space 82944K, 56% used [0x00000000f5580000,0x00000000f839f630,0x00000000fa680000)
  from space 4608K, 54% used [0x00000000fa680000,0x00000000fa8f0040,0x00000000fab00000)
  to   space 4096K, 0% used [0x00000000fc580000,0x00000000fc580000,0x00000000fc980000)
 ParOldGen       total 30720K, used 9969K [0x00000000e0000000, 0x00000000e1e00000, 0x00000000f5580000)
  object space 30720K, 32% used [0x00000000e0000000,0x00000000e09bc5c8,0x00000000e1e00000)
 Metaspace       used 33799K, capacity 35454K, committed 35496K, reserved 1081344K
  class space    used 4156K, capacity 4498K, committed 4520K, reserved 1048576K
Event: 15.770 GC heap after
Heap after GC invocations=21 (full 1):
 PSYoungGen      total 114688K, used 1513K [0x00000000f5580000, 0x00000000fc980000, 0x0000000100000000)
  eden space 110592K, 0% used [0x00000000f5580000,0x00000000f5580000,0x00000000fc180000)
  from space 4096K, 36% used [0x00000000fc580000,0x00000000fc6fa460,0x00000000fc980000)
  to   space 4096K, 0% used [0x00000000fc180000,0x00000000fc180000,0x00000000fc580000)
 ParOldGen       total 30720K, used 10513K [0x00000000e0000000, 0x00000000e1e00000, 0x00000000f5580000)
  object space 30720K, 34% used [0x00000000e0000000,0x00000000e0a445c8,0x00000000e1e00000)
 Metaspace       used 33799K, capacity 35454K, committed 35496K, reserved 1081344K
  class space    used 4156K, capacity 4498K, committed 4520K, reserved 1048576K
}
Event: 15.770 GC heap before
{Heap before GC invocations=22 (full 2):
 PSYoungGen      total 114688K, used 1513K [0x00000000f5580000, 0x00000000fc980000, 0x0000000100000000)
  eden space 110592K, 0% used [0x00000000f5580000,0x00000000f5580000,0x00000000fc180000)
  from space 4096K, 36% used [0x00000000fc580000,0x00000000fc6fa460,0x00000000fc980000)
  to   space 4096K, 0% used [0x00000000fc180000,0x00000000fc180000,0x00000000fc580000)
 ParOldGen       total 30720K, used 10513K [0x00000000e0000000, 0x00000000e1e00000, 0x00000000f5580000)
  object space 30720K, 34% used [0x00000000e0000000,0x00000000e0a445c8,0x00000000e1e00000)
 Metaspace       used 33799K, capacity 35454K, committed 35496K, reserved 1081344K
  class space    used 4156K, capacity 4498K, committed 4520K, reserved 1048576K
Event: 16.024 GC heap after
Heap after GC invocations=22 (full 2):
 PSYoungGen      total 114688K, used 0K [0x00000000f5580000, 0x00000000fc980000, 0x0000000100000000)
  eden space 110592K, 0% used [0x00000000f5580000,0x00000000f5580000,0x00000000fc180000)
  from space 4096K, 0% used [0x00000000fc580000,0x00000000fc580000,0x00000000fc980000)
  to   space 4096K, 0% used [0x00000000fc180000,0x00000000fc180000,0x00000000fc580000)
 ParOldGen       total 30720K, used 10300K [0x00000000e0000000, 0x00000000e1e00000, 0x00000000f5580000)
  object space 30720K, 33% used [0x00000000e0000000,0x00000000e0a0f020,0x00000000e1e00000)
 Metaspace       used 33799K, capacity 35454K, committed 35496K, reserved 1081344K
  class space    used 4156K, capacity 4498K, committed 4520K, reserved 1048576K
}
Event: 17.872 GC heap before
{Heap before GC invocations=23 (full 2):
 PSYoungGen      total 114688K, used 110592K [0x00000000f5580000, 0x00000000fc980000, 0x0000000100000000)
  eden space 110592K, 100% used [0x00000000f5580000,0x00000000fc180000,0x00000000fc180000)
  from space 4096K, 0% used [0x00000000fc580000,0x00000000fc580000,0x00000000fc980000)
  to   space 4096K, 0% used [0x00000000fc180000,0x00000000fc180000,0x00000000fc580000)
 ParOldGen       total 30720K, used 10300K [0x00000000e0000000, 0x00000000e1e00000, 0x00000000f5580000)
  object space 30720K, 33% used [0x00000000e0000000,0x00000000e0a0f020,0x00000000e1e00000)
 Metaspace       used 37580K, capacity 39362K, committed 39592K, reserved 1083392K
  class space    used 4830K, capacity 5202K, committed 5288K, reserved 1048576K
Event: 17.885 GC heap after
Heap after GC invocations=23 (full 2):
 PSYoungGen      total 114688K, used 4095K [0x00000000f5580000, 0x00000000fe180000, 0x0000000100000000)
  eden space 110592K, 0% used [0x00000000f5580000,0x00000000f5580000,0x00000000fc180000)
  from space 4096K, 99% used [0x00000000fc180000,0x00000000fc57fe20,0x00000000fc580000)
  to   space 4608K, 0% used [0x00000000fdd00000,0x00000000fdd00000,0x00000000fe180000)
 ParOldGen       total 30720K, used 10543K [0x00000000e0000000, 0x00000000e1e00000, 0x00000000f5580000)
  object space 30720K, 34% used [0x00000000e0000000,0x00000000e0a4be90,0x00000000e1e00000)
 Metaspace       used 37580K, capacity 39362K, committed 39592K, reserved 1083392K
  class space    used 4830K, capacity 5202K, committed 5288K, reserved 1048576K
}

