# JRE version: Java(TM) SE Runtime Environment (8.0_211-b12) (build 1.8.0_211-b12)
# Java VM: Java HotSpot(TM) 64-Bit Server VM (25.211-b12 mixed mode windows-amd64 compressed oops)
Heap:
 PSYoungGen      total 103424K, used 98522K [0x00000000f5580000, 0x00000000fdd80000, 0x0000000100000000)
  eden space 99328K, 95% used [0x00000000f5580000,0x00000000fb1bd898,0x00000000fb680000)
  from space 4096K, 99% used [0x00000000fb680000,0x00000000fba79040,0x00000000fba80000)
  to   space 5632K, 0% used [0x00000000fd800000,0x00000000fd800000,0x00000000fdd80000)
 ParOldGen       total 32768K, used 9106K [0x00000000e0000000, 0x00000000e2000000, 0x00000000f5580000)
  object space 32768K, 27% used [0x00000000e0000000,0x00000000e08e4808,0x00000000e2000000)
 Metaspace       used 30214K, capacity 31908K, committed 32128K, reserved 1077248K
  class space    used 3752K, capacity 4099K, committed 4224K, reserved 1048576K
GC Heap History (10 events):
Event: 10.679 GC heap before
{Heap before GC invocations=12 (full 0):
 PSYoungGen      total 53248K, used 47100K [0x00000000f5580000, 0x00000000faa80000, 0x0000000100000000)
  eden space 49152K, 91% used [0x00000000f5580000,0x00000000f8186c28,0x00000000f8580000)
  from space 4096K, 49% used [0x00000000f8580000,0x00000000f8778638,0x00000000f8980000)
  to   space 4096K, 0% used [0x00000000fa680000,0x00000000fa680000,0x00000000faa80000)
 ParOldGen       total 42496K, used 5882K [0x00000000e0000000, 0x00000000e2980000, 0x00000000f5580000)
  object space 42496K, 13% used [0x00000000e0000000,0x00000000e05be830,0x00000000e2980000)
 Metaspace       used 19986K, capacity 21148K, committed 21248K, reserved 1067008K
  class space    used 2462K, capacity 2718K, committed 2816K, reserved 1048576K
Event: 10.688 GC heap after
Heap after GC invocations=12 (full 0):
 PSYoungGen      total 82944K, used 1865K [0x00000000f5580000, 0x00000000faa80000, 0x0000000100000000)
  eden space 78848K, 0% used [0x00000000f5580000,0x00000000f5580000,0x00000000fa280000)
  from space 4096K, 45% used [0x00000000fa680000,0x00000000fa8524a8,0x00000000faa80000)
  to   space 4096K, 0% used [0x00000000fa280000,0x00000000fa280000,0x00000000fa680000)
 ParOldGen       total 42496K, used 6530K [0x00000000e0000000, 0x00000000e2980000, 0x00000000f5580000)
  object space 42496K, 15% used [0x00000000e0000000,0x00000000e0660850,0x00000000e2980000)
 Metaspace       used 19986K, capacity 21148K, committed 21248K, reserved 1067008K
  class space    used 2462K, capacity 2718K, committed 2816K, reserved 1048576K
}
Event: 10.688 GC heap before
{Heap before GC invocations=13 (full 1):
 PSYoungGen      total 82944K, used 1865K [0x00000000f5580000, 0x00000000faa80000, 0x0000000100000000)
  eden space 78848K, 0% used [0x00000000f5580000,0x00000000f5580000,0x00000000fa280000)
  from space 4096K, 45% used [0x00000000fa680000,0x00000000fa8524a8,0x00000000faa80000)
  to   space 4096K, 0% used [0x00000000fa280000,0x00000000fa280000,0x00000000fa680000)
 ParOldGen       total 42496K, used 6530K [0x00000000e0000000, 0x00000000e2980000, 0x00000000f5580000)
  object space 42496K, 15% used [0x00000000e0000000,0x00000000e0660850,0x00000000e2980000)
 Metaspace       used 19986K, capacity 21148K, committed 21248K, reserved 1067008K
  class space    used 2462K, capacity 2718K, committed 2816K, reserved 1048576K
Event: 10.817 GC heap after
Heap after GC invocations=13 (full 1):
 PSYoungGen      total 82944K, used 0K [0x00000000f5580000, 0x00000000faa80000, 0x0000000100000000)
  eden space 78848K, 0% used [0x00000000f5580000,0x00000000f5580000,0x00000000fa280000)
  from space 4096K, 0% used [0x00000000fa680000,0x00000000fa680000,0x00000000faa80000)
  to   space 4096K, 0% used [0x00000000fa280000,0x00000000fa280000,0x00000000fa680000)
 ParOldGen       total 32768K, used 6405K [0x00000000e0000000, 0x00000000e2000000, 0x00000000f5580000)
  object space 32768K, 19% used [0x00000000e0000000,0x00000000e0641788,0x00000000e2000000)
 Metaspace       used 19986K, capacity 21148K, committed 21248K, reserved 1067008K
  class space    used 2462K, capacity 2718K, committed 2816K, reserved 1048576K
}
Event: 12.151 GC heap before
{Heap before GC invocations=14 (full 1):
 PSYoungGen      total 82944K, used 78848K [0x00000000f5580000, 0x00000000faa80000, 0x0000000100000000)
  eden space 78848K, 100% used [0x00000000f5580000,0x00000000fa280000,0x00000000fa280000)
  from space 4096K, 0% used [0x00000000fa680000,0x00000000fa680000,0x00000000faa80000)
  to   space 4096K, 0% used [0x00000000fa280000,0x00000000fa280000,0x00000000fa680000)
 ParOldGen       total 32768K, used 6405K [0x00000000e0000000, 0x00000000e2000000, 0x00000000f5580000)
  object space 32768K, 19% used [0x00000000e0000000,0x00000000e0641788,0x00000000e2000000)
 Metaspace       used 22495K, capacity 23898K, committed 24192K, reserved 1071104K
  class space    used 2782K, capacity 3091K, committed 3200K, reserved 1048576K
Event: 12.160 GC heap after
Heap after GC invocations=14 (full 1):
 PSYoungGen      total 82944K, used 2509K [0x00000000f5580000, 0x00000000fbe80000, 0x0000000100000000)
  eden space 78848K, 0% used [0x00000000f5580000,0x00000000f5580000,0x00000000fa280000)
  from space 4096K, 61% used [0x00000000fa280000,0x00000000fa4f3708,0x00000000fa680000)
  to   space 4096K, 0% used [0x00000000fba80000,0x00000000fba80000,0x00000000fbe80000)
 ParOldGen       total 32768K, used 6413K [0x00000000e0000000, 0x00000000e2000000, 0x00000000f5580000)
  object space 32768K, 19% used [0x00000000e0000000,0x00000000e0643788,0x00000000e2000000)
 Metaspace       used 22495K, capacity 23898K, committed 24192K, reserved 1071104K
  class space    used 2782K, capacity 3091K, committed 3200K, reserved 1048576K
}
Event: 12.728 GC heap before
{Heap before GC invocations=15 (full 1):
 PSYoungGen      total 82944K, used 81357K [0x00000000f5580000, 0x00000000fbe80000, 0x0000000100000000)
  eden space 78848K, 100% used [0x00000000f5580000,0x00000000fa280000,0x00000000fa280000)
  from space 4096K, 61% used [0x00000000fa280000,0x00000000fa4f3708,0x00000000fa680000)
  to   space 4096K, 0% used [0x00000000fba80000,0x00000000fba80000,0x00000000fbe80000)
 ParOldGen       total 32768K, used 6413K [0x00000000e0000000, 0x00000000e2000000, 0x00000000f5580000)
  object space 32768K, 19% used [0x00000000e0000000,0x00000000e0643788,0x00000000e2000000)
 Metaspace       used 24951K, capacity 26478K, committed 26752K, reserved 1073152K
  class space    used 3118K, capacity 3448K, committed 3456K, reserved 1048576K
Event: 12.737 GC heap after
Heap after GC invocations=15 (full 1):
 PSYoungGen      total 103424K, used 3104K [0x00000000f5580000, 0x00000000fc080000, 0x0000000100000000)
  eden space 99328K, 0% used [0x00000000f5580000,0x00000000f5580000,0x00000000fb680000)
  from space 4096K, 75% used [0x00000000fba80000,0x00000000fbd88210,0x00000000fbe80000)
  to   space 4096K, 0% used [0x00000000fb680000,0x00000000fb680000,0x00000000fba80000)
 ParOldGen       total 32768K, used 6421K [0x00000000e0000000, 0x00000000e2000000, 0x00000000f5580000)
  object space 32768K, 19% used [0x00000000e0000000,0x00000000e0645788,0x00000000e2000000)
 Metaspace       used 24951K, capacity 26478K, committed 26752K, reserved 1073152K
  class space    used 3118K, capacity 3448K, committed 3456K, reserved 1048576K
}
Event: 13.776 GC heap before
{Heap before GC invocations=16 (full 1):
 PSYoungGen      total 103424K, used 102432K [0x00000000f5580000, 0x00000000fc080000, 0x0000000100000000)
  eden space 99328K, 100% used [0x00000000f5580000,0x00000000fb680000,0x00000000fb680000)
  from space 4096K, 75% used [0x00000000fba80000,0x00000000fbd88210,0x00000000fbe80000)
  to   space 4096K, 0% used [0x00000000fb680000,0x00000000fb680000,0x00000000fba80000)
 ParOldGen       total 32768K, used 6421K [0x00000000e0000000, 0x00000000e2000000, 0x00000000f5580000)
  object space 32768K, 19% used [0x00000000e0000000,0x00000000e0645788,0x00000000e2000000)
 Metaspace       used 27651K, capacity 29242K, committed 29568K, reserved 1075200K
  class space    used 3512K, capacity 3842K, committed 3968K, reserved 1048576K
Event: 13.789 GC heap after
Heap after GC invocations=16 (full 1):
 PSYoungGen      total 103424K, used 4068K [0x00000000f5580000, 0x00000000fdd80000, 0x0000000100000000)
  eden space 99328K, 0% used [0x00000000f5580000,0x00000000f5580000,0x00000000fb680000)
  from space 4096K, 99% used [0x00000000fb680000,0x00000000fba79040,0x00000000fba80000)
  to   space 5632K, 0% used [0x00000000fd800000,0x00000000fd800000,0x00000000fdd80000)
 ParOldGen       total 32768K, used 9106K [0x00000000e0000000, 0x00000000e2000000, 0x00000000f5580000)
  object space 32768K, 27% used [0x00000000e0000000,0x00000000e08e4808,0x00000000e2000000)
 Metaspace       used 27651K, capacity 29242K, committed 29568K, reserved 1075200K
  class space    used 3512K, capacity 3842K, committed 3968K, reserved 1048576K
}

